#
# An unexpected error has occurred (6)
#
Stack:
/usr/lib/libc.so.6(+0x3c3e0) [0x7f2a055c13e0]
/usr/lib/libc.so.6(gsignal+0x145) [0x7f2a055c1355]
/usr/lib/libc.so.6(abort+0x127) [0x7f2a055aa853]
/tools/Xilinx/Vivado/2019.1/lib/lnx64.o/libtcl8.5.so(Tcl_PanicVA+0x10e) [0x7f2a010e29ae]
/tools/Xilinx/Vivado/2019.1/lib/lnx64.o/libtcl8.5.so(Tcl_Panic+0x8c) [0x7f2a010e2abc]
/tools/Xilinx/Vivado/2019.1/lib/lnx64.o/libtcl8.5.so(TclStackFree+0x49) [0x7f2a010acee9]
/tools/Xilinx/Vivado/2019.1/lib/lnx64.o/libtcl8.5.so(+0x75f3b) [0x7f2a010adf3b]
/tools/Xilinx/Vivado/2019.1/lib/lnx64.o/libtcl8.5.so(+0x7e029) [0x7f2a010b6029]
/tools/Xilinx/Vivado/2019.1/lib/lnx64.o/libtcl8.5.so(TclEvalObjEx+0x76) [0x7f2a0106d156]
/tools/Xilinx/Vivado/2019.1/lib/lnx64.o/libtcl8.5.so(+0xb7557) [0x7f2a010ef557]
/tools/Xilinx/Vivado/2019.1/lib/lnx64.o/libtcl8.5.so(+0x334af) [0x7f2a0106b4af]
/tools/Xilinx/Vivado/2019.1/lib/lnx64.o/libtcl8.5.so(+0x76875) [0x7f2a010ae875]
/tools/Xilinx/Vivado/2019.1/lib/lnx64.o/libtcl8.5.so(+0x7e029) [0x7f2a010b6029]
/tools/Xilinx/Vivado/2019.1/lib/lnx64.o/libtcl8.5.so(TclEvalObjEx+0x76) [0x7f2a0106d156]
/tools/Xilinx/Vivado/2019.1/lib/lnx64.o/librdi_commontasks.so(+0x1ebcc4) [0x7f29fbc61cc4]
/tools/Xilinx/Vivado/2019.1/lib/lnx64.o/libtcl8.5.so(+0x334af) [0x7f2a0106b4af]
/tools/Xilinx/Vivado/2019.1/lib/lnx64.o/libtcl8.5.so(+0x34b38) [0x7f2a0106cb38]
/tools/Xilinx/Vivado/2019.1/lib/lnx64.o/libtcl8.5.so(+0xad486) [0x7f2a010e5486]
/tools/Xilinx/Vivado/2019.1/lib/lnx64.o/libtcl8.5.so(+0x346c5) [0x7f2a0106c6c5]
/tools/Xilinx/Vivado/2019.1/lib/lnx64.o/libtcl8.5.so(Tcl_EvalEx+0x13) [0x7f2a0106d0a3]
/tools/Xilinx/Vivado/2019.1/lib/lnx64.o/libtcl8.5.so(Tcl_FSEvalFileEx+0x1da) [0x7f2a010d1c5a]
/tools/Xilinx/Vivado/2019.1/lib/lnx64.o/librdi_commontasks.so(+0x208e5d) [0x7f29fbc7ee5d]
/tools/Xilinx/Vivado/2019.1/lib/lnx64.o/librdi_common.so(+0x8068e2) [0x7f2a0673e8e2]
/tools/Xilinx/Vivado/2019.1/lib/lnx64.o/libtcl8.5.so(+0x334af) [0x7f2a0106b4af]
/tools/Xilinx/Vivado/2019.1/lib/lnx64.o/libtcl8.5.so(Tcl_EvalObjv+0x32) [0x7f2a0106b5e2]
/tools/Xilinx/Vivado/2019.1/lib/lnx64.o/libtcl8.5.so(TclEvalObjEx+0x322) [0x7f2a0106d402]
/tools/Xilinx/Vivado/2019.1/lib/lnx64.o/librdi_common.so(hdi::tcltasks::task_manager::eval_in_tcl(Tcl_Interp*, Tcl_Obj*, char const*, bool)+0xab9) [0x7f2a06740719]
/tools/Xilinx/Vivado/2019.1/lib/lnx64.o/librdi_designutils.so(HRTInvoker::inProcessLaunch(HDGUIStatus&)+0x457) [0x7f29ef9fdf07]
/tools/Xilinx/Vivado/2019.1/lib/lnx64.o/librdi_designutils.so(HRTInvoker::launch(HDGUIStatus&)+0x535) [0x7f29ef9febf5]
/tools/Xilinx/Vivado/2019.1/lib/lnx64.o/librdi_vivadotasks.so(+0x54c087) [0x7f29c1628087]
/tools/Xilinx/Vivado/2019.1/lib/lnx64.o/librdi_vivadotasks.so(+0x557095) [0x7f29c1633095]
/tools/Xilinx/Vivado/2019.1/lib/lnx64.o/librdi_common.so(+0x8068e2) [0x7f2a0673e8e2]
/tools/Xilinx/Vivado/2019.1/lib/lnx64.o/libtcl8.5.so(+0x334af) [0x7f2a0106b4af]
/tools/Xilinx/Vivado/2019.1/lib/lnx64.o/libtcl8.5.so(+0x34b38) [0x7f2a0106cb38]
/tools/Xilinx/Vivado/2019.1/lib/lnx64.o/libtcl8.5.so(Tcl_EvalEx+0x13) [0x7f2a0106d0a3]
/tools/Xilinx/Vivado/2019.1/lib/lnx64.o/libtcl8.5.so(Tcl_FSEvalFileEx+0x1da) [0x7f2a010d1c5a]
/tools/Xilinx/Vivado/2019.1/lib/lnx64.o/librdi_commontasks.so(+0x208e5d) [0x7f29fbc7ee5d]
/tools/Xilinx/Vivado/2019.1/lib/lnx64.o/librdi_common.so(+0x8068e2) [0x7f2a0673e8e2]
/tools/Xilinx/Vivado/2019.1/lib/lnx64.o/libtcl8.5.so(+0x334af) [0x7f2a0106b4af]
/tools/Xilinx/Vivado/2019.1/lib/lnx64.o/libtcl8.5.so(Tcl_EvalObjv+0x32) [0x7f2a0106b5e2]
/tools/Xilinx/Vivado/2019.1/lib/lnx64.o/libtcl8.5.so(TclEvalObjEx+0x322) [0x7f2a0106d402]
/tools/Xilinx/Vivado/2019.1/lib/lnx64.o/librdi_commontasks.so(+0x23ab2f) [0x7f29fbcb0b2f]
/tools/Xilinx/Vivado/2019.1/lib/lnx64.o/librdi_commontasks.so(+0x23c1fe) [0x7f29fbcb21fe]
/tools/Xilinx/Vivado/2019.1/lib/lnx64.o/librdi_common.so(+0x8068e2) [0x7f2a0673e8e2]
/tools/Xilinx/Vivado/2019.1/lib/lnx64.o/libtcl8.5.so(+0x334af) [0x7f2a0106b4af]
/tools/Xilinx/Vivado/2019.1/lib/lnx64.o/libtcl8.5.so(Tcl_EvalObjv+0x32) [0x7f2a0106b5e2]
/tools/Xilinx/Vivado/2019.1/lib/lnx64.o/libtcl8.5.so(TclEvalObjEx+0x322) [0x7f2a0106d402]
/tools/Xilinx/Vivado/2019.1/lib/lnx64.o/librdi_commonmain.so(+0x7424) [0x7f2a05d34424]
/tools/Xilinx/Vivado/2019.1/lib/lnx64.o/libtcl8.5.so(Tcl_Main+0x1d0) [0x7f2a010d8210]
/tools/Xilinx/Vivado/2019.1/lib/lnx64.o/librdi_common.so(+0x84ac9b) [0x7f2a06782c9b]
/usr/lib/libpthread.so.0(+0x9422) [0x7f2a0556c422]
/usr/lib/libc.so.6(clone+0x43) [0x7f2a05684bf3]
