#
# An unexpected error has occurred (6)
#
Stack:
/usr/lib/libc.so.6(+0x3c3e0) [0x7f40b298d3e0]
/usr/lib/libc.so.6(gsignal+0x145) [0x7f40b298d355]
/usr/lib/libc.so.6(abort+0x127) [0x7f40b2976853]
/tools/Xilinx/Vivado/2019.1/lib/lnx64.o/libtcl8.5.so(Tcl_PanicVA+0x10e) [0x7f40ae4ae9ae]
/tools/Xilinx/Vivado/2019.1/lib/lnx64.o/libtcl8.5.so(Tcl_Panic+0x8c) [0x7f40ae4aeabc]
/tools/Xilinx/Vivado/2019.1/lib/lnx64.o/libtcl8.5.so(TclStackFree+0x49) [0x7f40ae478ee9]
/tools/Xilinx/Vivado/2019.1/lib/lnx64.o/libtcl8.5.so(+0x75f3b) [0x7f40ae479f3b]
/tools/Xilinx/Vivado/2019.1/lib/lnx64.o/libtcl8.5.so(+0x7e029) [0x7f40ae482029]
/tools/Xilinx/Vivado/2019.1/lib/lnx64.o/libtcl8.5.so(TclEvalObjEx+0x76) [0x7f40ae439156]
/tools/Xilinx/Vivado/2019.1/lib/lnx64.o/libtcl8.5.so(+0xb7557) [0x7f40ae4bb557]
/tools/Xilinx/Vivado/2019.1/lib/lnx64.o/libtcl8.5.so(+0x334af) [0x7f40ae4374af]
/tools/Xilinx/Vivado/2019.1/lib/lnx64.o/libtcl8.5.so(+0x76875) [0x7f40ae47a875]
/tools/Xilinx/Vivado/2019.1/lib/lnx64.o/libtcl8.5.so(+0x7e029) [0x7f40ae482029]
/tools/Xilinx/Vivado/2019.1/lib/lnx64.o/libtcl8.5.so(TclEvalObjEx+0x76) [0x7f40ae439156]
/tools/Xilinx/Vivado/2019.1/lib/lnx64.o/librdi_commontasks.so(+0x1ebcc4) [0x7f40a902dcc4]
/tools/Xilinx/Vivado/2019.1/lib/lnx64.o/libtcl8.5.so(+0x334af) [0x7f40ae4374af]
/tools/Xilinx/Vivado/2019.1/lib/lnx64.o/libtcl8.5.so(+0x34b38) [0x7f40ae438b38]
/tools/Xilinx/Vivado/2019.1/lib/lnx64.o/libtcl8.5.so(+0xad486) [0x7f40ae4b1486]
/tools/Xilinx/Vivado/2019.1/lib/lnx64.o/libtcl8.5.so(+0x346c5) [0x7f40ae4386c5]
/tools/Xilinx/Vivado/2019.1/lib/lnx64.o/libtcl8.5.so(Tcl_EvalEx+0x13) [0x7f40ae4390a3]
/tools/Xilinx/Vivado/2019.1/lib/lnx64.o/libtcl8.5.so(Tcl_FSEvalFileEx+0x1da) [0x7f40ae49dc5a]
/tools/Xilinx/Vivado/2019.1/lib/lnx64.o/librdi_commontasks.so(+0x208e5d) [0x7f40a904ae5d]
/tools/Xilinx/Vivado/2019.1/lib/lnx64.o/librdi_common.so(+0x8068e2) [0x7f40b3b0a8e2]
/tools/Xilinx/Vivado/2019.1/lib/lnx64.o/libtcl8.5.so(+0x334af) [0x7f40ae4374af]
/tools/Xilinx/Vivado/2019.1/lib/lnx64.o/libtcl8.5.so(Tcl_EvalObjv+0x32) [0x7f40ae4375e2]
/tools/Xilinx/Vivado/2019.1/lib/lnx64.o/libtcl8.5.so(TclEvalObjEx+0x322) [0x7f40ae439402]
/tools/Xilinx/Vivado/2019.1/lib/lnx64.o/librdi_common.so(hdi::tcltasks::task_manager::eval_in_tcl(Tcl_Interp*, Tcl_Obj*, char const*, bool)+0xab9) [0x7f40b3b0c719]
/tools/Xilinx/Vivado/2019.1/lib/lnx64.o/librdi_designutils.so(HRTInvoker::inProcessLaunch(HDGUIStatus&)+0x457) [0x7f409cdc9f07]
/tools/Xilinx/Vivado/2019.1/lib/lnx64.o/librdi_designutils.so(HRTInvoker::launch(HDGUIStatus&)+0x535) [0x7f409cdcabf5]
/tools/Xilinx/Vivado/2019.1/lib/lnx64.o/librdi_vivadotasks.so(+0x54c087) [0x7f406f9f6087]
/tools/Xilinx/Vivado/2019.1/lib/lnx64.o/librdi_vivadotasks.so(+0x557095) [0x7f406fa01095]
/tools/Xilinx/Vivado/2019.1/lib/lnx64.o/librdi_common.so(+0x8068e2) [0x7f40b3b0a8e2]
/tools/Xilinx/Vivado/2019.1/lib/lnx64.o/libtcl8.5.so(+0x334af) [0x7f40ae4374af]
/tools/Xilinx/Vivado/2019.1/lib/lnx64.o/libtcl8.5.so(+0x34b38) [0x7f40ae438b38]
/tools/Xilinx/Vivado/2019.1/lib/lnx64.o/libtcl8.5.so(Tcl_EvalEx+0x13) [0x7f40ae4390a3]
/tools/Xilinx/Vivado/2019.1/lib/lnx64.o/libtcl8.5.so(Tcl_FSEvalFileEx+0x1da) [0x7f40ae49dc5a]
/tools/Xilinx/Vivado/2019.1/lib/lnx64.o/librdi_commontasks.so(+0x208e5d) [0x7f40a904ae5d]
/tools/Xilinx/Vivado/2019.1/lib/lnx64.o/librdi_common.so(+0x8068e2) [0x7f40b3b0a8e2]
/tools/Xilinx/Vivado/2019.1/lib/lnx64.o/libtcl8.5.so(+0x334af) [0x7f40ae4374af]
/tools/Xilinx/Vivado/2019.1/lib/lnx64.o/libtcl8.5.so(Tcl_EvalObjv+0x32) [0x7f40ae4375e2]
/tools/Xilinx/Vivado/2019.1/lib/lnx64.o/libtcl8.5.so(TclEvalObjEx+0x322) [0x7f40ae439402]
/tools/Xilinx/Vivado/2019.1/lib/lnx64.o/librdi_commontasks.so(+0x23ab2f) [0x7f40a907cb2f]
/tools/Xilinx/Vivado/2019.1/lib/lnx64.o/librdi_commontasks.so(+0x23c1fe) [0x7f40a907e1fe]
/tools/Xilinx/Vivado/2019.1/lib/lnx64.o/librdi_common.so(+0x8068e2) [0x7f40b3b0a8e2]
/tools/Xilinx/Vivado/2019.1/lib/lnx64.o/libtcl8.5.so(+0x334af) [0x7f40ae4374af]
/tools/Xilinx/Vivado/2019.1/lib/lnx64.o/libtcl8.5.so(Tcl_EvalObjv+0x32) [0x7f40ae4375e2]
/tools/Xilinx/Vivado/2019.1/lib/lnx64.o/libtcl8.5.so(TclEvalObjEx+0x322) [0x7f40ae439402]
/tools/Xilinx/Vivado/2019.1/lib/lnx64.o/librdi_commonmain.so(+0x7424) [0x7f40b3100424]
/tools/Xilinx/Vivado/2019.1/lib/lnx64.o/libtcl8.5.so(Tcl_Main+0x1d0) [0x7f40ae4a4210]
/tools/Xilinx/Vivado/2019.1/lib/lnx64.o/librdi_common.so(+0x84ac9b) [0x7f40b3b4ec9b]
/usr/lib/libpthread.so.0(+0x9422) [0x7f40b2938422]
/usr/lib/libc.so.6(clone+0x43) [0x7f40b2a50bf3]
