#
# An unexpected error has occurred (6)
#
Stack:
/lib/x86_64-linux-gnu/libc.so.6(+0x3efd0) [0x7f66a3387fd0]
/lib/x86_64-linux-gnu/libc.so.6(gsignal+0xc7) [0x7f66a3387f47]
/lib/x86_64-linux-gnu/libc.so.6(abort+0x141) [0x7f66a33898b1]
/home/nicoq/Xilinx/Vivado/2019.1/lib/lnx64.o/libtcl8.5.so(Tcl_PanicVA+0x10e) [0x7f669ea569ae]
/home/nicoq/Xilinx/Vivado/2019.1/lib/lnx64.o/libtcl8.5.so(Tcl_Panic+0x8c) [0x7f669ea56abc]
/home/nicoq/Xilinx/Vivado/2019.1/lib/lnx64.o/libtcl8.5.so(TclStackFree+0x49) [0x7f669ea20ee9]
/home/nicoq/Xilinx/Vivado/2019.1/lib/lnx64.o/libtcl8.5.so(+0x75f3b) [0x7f669ea21f3b]
/home/nicoq/Xilinx/Vivado/2019.1/lib/lnx64.o/libtcl8.5.so(+0x7e029) [0x7f669ea2a029]
/home/nicoq/Xilinx/Vivado/2019.1/lib/lnx64.o/libtcl8.5.so(TclEvalObjEx+0x76) [0x7f669e9e1156]
/home/nicoq/Xilinx/Vivado/2019.1/lib/lnx64.o/libtcl8.5.so(+0xb7557) [0x7f669ea63557]
/home/nicoq/Xilinx/Vivado/2019.1/lib/lnx64.o/libtcl8.5.so(+0x334af) [0x7f669e9df4af]
/home/nicoq/Xilinx/Vivado/2019.1/lib/lnx64.o/libtcl8.5.so(+0x76875) [0x7f669ea22875]
/home/nicoq/Xilinx/Vivado/2019.1/lib/lnx64.o/libtcl8.5.so(+0x7e029) [0x7f669ea2a029]
/home/nicoq/Xilinx/Vivado/2019.1/lib/lnx64.o/libtcl8.5.so(TclEvalObjEx+0x76) [0x7f669e9e1156]
/home/nicoq/Xilinx/Vivado/2019.1/lib/lnx64.o/librdi_commontasks.so(+0x1ebcc4) [0x7f66989d2cc4]
/home/nicoq/Xilinx/Vivado/2019.1/lib/lnx64.o/libtcl8.5.so(+0x334af) [0x7f669e9df4af]
/home/nicoq/Xilinx/Vivado/2019.1/lib/lnx64.o/libtcl8.5.so(+0x34b38) [0x7f669e9e0b38]
/home/nicoq/Xilinx/Vivado/2019.1/lib/lnx64.o/libtcl8.5.so(+0xad486) [0x7f669ea59486]
/home/nicoq/Xilinx/Vivado/2019.1/lib/lnx64.o/libtcl8.5.so(+0x346c5) [0x7f669e9e06c5]
/home/nicoq/Xilinx/Vivado/2019.1/lib/lnx64.o/libtcl8.5.so(Tcl_EvalEx+0x13) [0x7f669e9e10a3]
/home/nicoq/Xilinx/Vivado/2019.1/lib/lnx64.o/libtcl8.5.so(Tcl_FSEvalFileEx+0x1da) [0x7f669ea45c5a]
/home/nicoq/Xilinx/Vivado/2019.1/lib/lnx64.o/librdi_commontasks.so(+0x208e5d) [0x7f66989efe5d]
/home/nicoq/Xilinx/Vivado/2019.1/lib/lnx64.o/librdi_common.so(+0x8068e2) [0x7f66a46e18e2]
/home/nicoq/Xilinx/Vivado/2019.1/lib/lnx64.o/libtcl8.5.so(+0x334af) [0x7f669e9df4af]
/home/nicoq/Xilinx/Vivado/2019.1/lib/lnx64.o/libtcl8.5.so(Tcl_EvalObjv+0x32) [0x7f669e9df5e2]
/home/nicoq/Xilinx/Vivado/2019.1/lib/lnx64.o/libtcl8.5.so(TclEvalObjEx+0x322) [0x7f669e9e1402]
/home/nicoq/Xilinx/Vivado/2019.1/lib/lnx64.o/librdi_common.so(hdi::tcltasks::task_manager::eval_in_tcl(Tcl_Interp*, Tcl_Obj*, char const*, bool)+0xab9) [0x7f66a46e3719]
/home/nicoq/Xilinx/Vivado/2019.1/lib/lnx64.o/librdi_designutils.so(HRTInvoker::inProcessLaunch(HDGUIStatus&)+0x457) [0x7f668bba1f07]
/home/nicoq/Xilinx/Vivado/2019.1/lib/lnx64.o/librdi_designutils.so(HRTInvoker::launch(HDGUIStatus&)+0x535) [0x7f668bba2bf5]
/home/nicoq/Xilinx/Vivado/2019.1/lib/lnx64.o/librdi_vivadotasks.so(+0x54c087) [0x7f665e7ce087]
/home/nicoq/Xilinx/Vivado/2019.1/lib/lnx64.o/librdi_vivadotasks.so(+0x557095) [0x7f665e7d9095]
/home/nicoq/Xilinx/Vivado/2019.1/lib/lnx64.o/librdi_common.so(+0x8068e2) [0x7f66a46e18e2]
/home/nicoq/Xilinx/Vivado/2019.1/lib/lnx64.o/libtcl8.5.so(+0x334af) [0x7f669e9df4af]
/home/nicoq/Xilinx/Vivado/2019.1/lib/lnx64.o/libtcl8.5.so(+0x34b38) [0x7f669e9e0b38]
/home/nicoq/Xilinx/Vivado/2019.1/lib/lnx64.o/libtcl8.5.so(Tcl_EvalEx+0x13) [0x7f669e9e10a3]
/home/nicoq/Xilinx/Vivado/2019.1/lib/lnx64.o/libtcl8.5.so(Tcl_FSEvalFileEx+0x1da) [0x7f669ea45c5a]
/home/nicoq/Xilinx/Vivado/2019.1/lib/lnx64.o/librdi_commontasks.so(+0x208e5d) [0x7f66989efe5d]
/home/nicoq/Xilinx/Vivado/2019.1/lib/lnx64.o/librdi_common.so(+0x8068e2) [0x7f66a46e18e2]
/home/nicoq/Xilinx/Vivado/2019.1/lib/lnx64.o/libtcl8.5.so(+0x334af) [0x7f669e9df4af]
/home/nicoq/Xilinx/Vivado/2019.1/lib/lnx64.o/libtcl8.5.so(Tcl_EvalObjv+0x32) [0x7f669e9df5e2]
/home/nicoq/Xilinx/Vivado/2019.1/lib/lnx64.o/libtcl8.5.so(TclEvalObjEx+0x322) [0x7f669e9e1402]
/home/nicoq/Xilinx/Vivado/2019.1/lib/lnx64.o/librdi_commontasks.so(+0x23ab2f) [0x7f6698a21b2f]
/home/nicoq/Xilinx/Vivado/2019.1/lib/lnx64.o/librdi_commontasks.so(+0x23c1fe) [0x7f6698a231fe]
/home/nicoq/Xilinx/Vivado/2019.1/lib/lnx64.o/librdi_common.so(+0x8068e2) [0x7f66a46e18e2]
/home/nicoq/Xilinx/Vivado/2019.1/lib/lnx64.o/libtcl8.5.so(+0x334af) [0x7f669e9df4af]
/home/nicoq/Xilinx/Vivado/2019.1/lib/lnx64.o/libtcl8.5.so(Tcl_EvalObjv+0x32) [0x7f669e9df5e2]
/home/nicoq/Xilinx/Vivado/2019.1/lib/lnx64.o/libtcl8.5.so(TclEvalObjEx+0x322) [0x7f669e9e1402]
/home/nicoq/Xilinx/Vivado/2019.1/lib/lnx64.o/librdi_commonmain.so(+0x7424) [0x7f66a3cd7424]
/home/nicoq/Xilinx/Vivado/2019.1/lib/lnx64.o/libtcl8.5.so(Tcl_Main+0x1d0) [0x7f669ea4c210]
/home/nicoq/Xilinx/Vivado/2019.1/lib/lnx64.o/librdi_common.so(+0x84ac9b) [0x7f66a4725c9b]
/lib/x86_64-linux-gnu/libpthread.so.0(+0x76db) [0x7f66a31316db]
/lib/x86_64-linux-gnu/libc.so.6(clone+0x3f) [0x7f66a346aa3f]
