#
# An unexpected error has occurred (11)
#
Stack:
/home/nicoq/Xilinx/Vivado/2019.1/tps/lnx64/jre9.0.4/lib//server/libjvm.so(+0xb6aadb) [0x7f3427c7badb]
/home/nicoq/Xilinx/Vivado/2019.1/tps/lnx64/jre9.0.4/lib//server/libjvm.so(JVM_handle_linux_signal+0xbb) [0x7f3427c80e1b]
/home/nicoq/Xilinx/Vivado/2019.1/tps/lnx64/jre9.0.4/lib//server/libjvm.so(+0xb647b8) [0x7f3427c757b8]
/lib/x86_64-linux-gnu/libc.so.6(+0x3ef20) [0x7f346f4b4f20]
/home/nicoq/Xilinx/Vivado/2019.1/lib/lnx64.o/librdi_simbridge_kernel.so(SimBridge::CArray::empty() const+0) [0x7f342cca37b0]
/home/nicoq/Xilinx/Vivado/2019.1/lib/lnx64.o/librdi_simbridge_kernel.so(SimBridge::WdbEventBlock::addBlock(SimBridge::WdbIBlockManager&, unsigned int&) const+0x1e) [0x7f342cca3e8e]
/home/nicoq/Xilinx/Vivado/2019.1/lib/lnx64.o/librdi_simbridge_kernel.so(SimBridge::WdbMultipleBucketEventDatabase::getEventBlockDatabaseIterator(std::vector<SimBridge::WdbScalarBTree*, std::allocator<SimBridge::WdbScalarBTree*> > const&, std::vector<boost::shared_ptr<SimBridge::WdbIEventBlockIterator>, std::allocator<boost::shared_ptr<SimBridge::WdbIEventBlockIterator> > >&, std::vector<std::vector<SimBridge::WdbScalarBTree*, std::allocator<SimBridge::WdbScalarBTree*> >, std::allocator<std::vector<SimBridge::WdbScalarBTree*, std::allocator<SimBridge::WdbScalarBTree*> > > >&) const+0x691) [0x7f342ccbd391]
/home/nicoq/Xilinx/Vivado/2019.1/lib/lnx64.o/librdi_simbridge_kernel.so(SimBridge::WdbAddressBTreeManager::scanWdbDatabaseMultiThread(std::vector<SimBridge::WdbScalarBTree*, std::allocator<SimBridge::WdbScalarBTree*> > const&, ISIM::IGuiStatus*)+0xc4) [0x7f342cc9ae14]
/home/nicoq/Xilinx/Vivado/2019.1/lib/lnx64.o/librdi_wavedata.so(SimBridge::DataObjMgr::createDrawingBTree(std::vector<SimBridge::IDataObj const*, std::allocator<SimBridge::IDataObj const*> > const&, ISIM::IGuiStatus*, bool)+0x32a) [0x7f3435b3823a]
/home/nicoq/Xilinx/Vivado/2019.1/lib/lnx64.o/librdi_wavedata.so(SG_Model::Model::createDrawingBTree(std::vector<SG_Model::WVDataObject*, std::allocator<SG_Model::WVDataObject*> > const&, ISIM::IGuiStatus*) const+0x201) [0x7f3435beaf41]
/home/nicoq/Xilinx/Vivado/2019.1/lib/lnx64.o/librdi_wavedata.so(SG_Model::Model::addWVObject(std::vector<SG_Model::WVDataObject*, std::allocator<SG_Model::WVDataObject*> > const&, SG_Model::WVDataObject*, int)+0x23f) [0x7f3435bedb3f]
/home/nicoq/Xilinx/Vivado/2019.1/lib/lnx64.o/librdi_wavedata.so(SG_Controller::AddWaveformCommand::doCommand()+0x33) [0x7f3435bb8da3]
/home/nicoq/Xilinx/Vivado/2019.1/lib/lnx64.o/librdi_wavedata.so(SG_Controller::CommandManager::executeOrAppendMacro(SG_Controller::Command*, bool)+0x4d) [0x7f3435bb80cd]
/home/nicoq/Xilinx/Vivado/2019.1/lib/lnx64.o/librdi_wavedata.so(SG_Controller::CommandManager::createAndExecute(std::__cxx11::basic_string<char, std::char_traits<char>, std::allocator<char> > const&, SG_Common::StringArray const&, SG_Model::Model&, SG_Controller::CommandFactory&)+0x151) [0x7f3435bb8461]
/home/nicoq/Xilinx/Vivado/2019.1/lib/lnx64.o/librdi_wavedata.so(WVDAppInterface::WVDWaveConfigurationImp::execute(std::__cxx11::basic_string<char, std::char_traits<char>, std::allocator<char> > const&, SG_Common::StringArray const&)+0x1b) [0x7f3435aaa1db]
/home/nicoq/Xilinx/Vivado/2019.1/lib/lnx64.o/librdi_wavedata.so(WVDAppInterface::WVDWaveConfiguration::addWaveObject(std::vector<SG_Model::WVDataObject*, std::allocator<SG_Model::WVDataObject*> > const&, int, int, WVDAppInterface::WVDWaveDisplayOption const&, ISIM::IGuiStatus*)+0x52f) [0x7f3435aad17f]
/home/nicoq/Xilinx/Vivado/2019.1/lib/lnx64.o/librdi_wavedata.so(WVDAppInterface::WVDWaveConfiguration::addWave(std::vector<SimBridge::IObject const*, std::allocator<SimBridge::IObject const*> > const&, int, int, bool, WVDAppInterface::WVDWaveDisplayOption const&, ISIM::IGuiStatus*)+0x22c) [0x7f3435aad7ac]
/home/nicoq/Xilinx/Vivado/2019.1/lib/lnx64.o/librdi_wavedatatasks.so(+0xe039d) [0x7f33e7c3339d]
/home/nicoq/Xilinx/Vivado/2019.1/lib/lnx64.o/librdi_common.so(+0x8068e2) [0x7f347080e8e2]
/home/nicoq/Xilinx/Vivado/2019.1/lib/lnx64.o/libtcl8.5.so(+0x334af) [0x7f346ab0c4af]
/home/nicoq/Xilinx/Vivado/2019.1/lib/lnx64.o/libtcl8.5.so(+0x76875) [0x7f346ab4f875]
/home/nicoq/Xilinx/Vivado/2019.1/lib/lnx64.o/libtcl8.5.so(+0x7e029) [0x7f346ab57029]
/home/nicoq/Xilinx/Vivado/2019.1/lib/lnx64.o/libtcl8.5.so(TclEvalObjEx+0x76) [0x7f346ab0e156]
/home/nicoq/Xilinx/Vivado/2019.1/lib/lnx64.o/libtcl8.5.so(+0x3e754) [0x7f346ab17754]
/home/nicoq/Xilinx/Vivado/2019.1/lib/lnx64.o/libtcl8.5.so(+0x334af) [0x7f346ab0c4af]
/home/nicoq/Xilinx/Vivado/2019.1/lib/lnx64.o/libtcl8.5.so(+0x76875) [0x7f346ab4f875]
/home/nicoq/Xilinx/Vivado/2019.1/lib/lnx64.o/libtcl8.5.so(+0x7e029) [0x7f346ab57029]
/home/nicoq/Xilinx/Vivado/2019.1/lib/lnx64.o/libtcl8.5.so(TclEvalObjEx+0x76) [0x7f346ab0e156]
/home/nicoq/Xilinx/Vivado/2019.1/lib/lnx64.o/libtcl8.5.so(+0x3e754) [0x7f346ab17754]
/home/nicoq/Xilinx/Vivado/2019.1/lib/lnx64.o/libtcl8.5.so(+0x334af) [0x7f346ab0c4af]
/home/nicoq/Xilinx/Vivado/2019.1/lib/lnx64.o/libtcl8.5.so(+0x34b38) [0x7f346ab0db38]
/home/nicoq/Xilinx/Vivado/2019.1/lib/lnx64.o/libtcl8.5.so(Tcl_EvalEx+0x13) [0x7f346ab0e0a3]
/home/nicoq/Xilinx/Vivado/2019.1/lib/lnx64.o/libtcl8.5.so(Tcl_FSEvalFileEx+0x1da) [0x7f346ab72c5a]
/home/nicoq/Xilinx/Vivado/2019.1/lib/lnx64.o/librdi_commontasks.so(+0x208e5d) [0x7f3464b1ce5d]
/home/nicoq/Xilinx/Vivado/2019.1/lib/lnx64.o/librdi_common.so(+0x8068e2) [0x7f347080e8e2]
/home/nicoq/Xilinx/Vivado/2019.1/lib/lnx64.o/libtcl8.5.so(+0x334af) [0x7f346ab0c4af]
/home/nicoq/Xilinx/Vivado/2019.1/lib/lnx64.o/libtcl8.5.so(Tcl_EvalObjv+0x32) [0x7f346ab0c5e2]
/home/nicoq/Xilinx/Vivado/2019.1/lib/lnx64.o/libtcl8.5.so(TclEvalObjEx+0x322) [0x7f346ab0e402]
/home/nicoq/Xilinx/Vivado/2019.1/lib/lnx64.o/librdi_common.so(hdi::tcltasks::task_manager::eval_in_tcl(Tcl_Interp*, Tcl_Obj*, char const*, bool)+0xab9) [0x7f3470810719]
/home/nicoq/Xilinx/Vivado/2019.1/lib/lnx64.o/librdi_simtcltasks.so(RSTTclHelper::processTclbatchOption(hdi::tcltasks::task_options_base&, Tcl_Interp*)+0x114) [0x7f33e7fdbb44]
/home/nicoq/Xilinx/Vivado/2019.1/lib/lnx64.o/librdi_simtcltasks.so(+0x13b79e) [0x7f33e805579e]
/home/nicoq/Xilinx/Vivado/2019.1/lib/lnx64.o/librdi_common.so(+0x8068e2) [0x7f347080e8e2]
/home/nicoq/Xilinx/Vivado/2019.1/lib/lnx64.o/libtcl8.5.so(+0x334af) [0x7f346ab0c4af]
/home/nicoq/Xilinx/Vivado/2019.1/lib/lnx64.o/libtcl8.5.so(+0x34b38) [0x7f346ab0db38]
/home/nicoq/Xilinx/Vivado/2019.1/lib/lnx64.o/libtcl8.5.so(Tcl_EvalEx+0x13) [0x7f346ab0e0a3]
/home/nicoq/Xilinx/Vivado/2019.1/lib/lnx64.o/libtcl8.5.so(TclEvalObjEx+0x1e0) [0x7f346ab0e2c0]
/home/nicoq/Xilinx/Vivado/2019.1/lib/lnx64.o/libtcl8.5.so(+0x3b375) [0x7f346ab14375]
/home/nicoq/Xilinx/Vivado/2019.1/lib/lnx64.o/libtcl8.5.so(+0x334af) [0x7f346ab0c4af]
/home/nicoq/Xilinx/Vivado/2019.1/lib/lnx64.o/libtcl8.5.so(+0x76875) [0x7f346ab4f875]
/home/nicoq/Xilinx/Vivado/2019.1/lib/lnx64.o/libtcl8.5.so(+0x7e029) [0x7f346ab57029]
/home/nicoq/Xilinx/Vivado/2019.1/lib/lnx64.o/libtcl8.5.so(TclEvalObjEx+0x76) [0x7f346ab0e156]
/home/nicoq/Xilinx/Vivado/2019.1/lib/lnx64.o/librdi_commontasks.so(+0x1ebcc4) [0x7f3464affcc4]
/home/nicoq/Xilinx/Vivado/2019.1/lib/lnx64.o/libtcl8.5.so(+0x334af) [0x7f346ab0c4af]
/home/nicoq/Xilinx/Vivado/2019.1/lib/lnx64.o/libtcl8.5.so(+0x76875) [0x7f346ab4f875]
/home/nicoq/Xilinx/Vivado/2019.1/lib/lnx64.o/libtcl8.5.so(TclObjInterpProcCore+0x420) [0x7f346ab90df0]
/home/nicoq/Xilinx/Vivado/2019.1/lib/lnx64.o/libtcl8.5.so(+0x334af) [0x7f346ab0c4af]
/home/nicoq/Xilinx/Vivado/2019.1/lib/lnx64.o/libtcl8.5.so(Tcl_EvalObjv+0x32) [0x7f346ab0c5e2]
/home/nicoq/Xilinx/Vivado/2019.1/lib/lnx64.o/libtcl8.5.so(TclEvalObjEx+0x322) [0x7f346ab0e402]
/home/nicoq/Xilinx/Vivado/2019.1/lib/lnx64.o/librdi_tcltasks.so(SimUtils::detail::execStep(Tcl_Interp*, std::__cxx11::basic_ostringstream<char, std::char_traits<char>, std::allocator<char> >&, std::__cxx11::basic_string<char, std::char_traits<char>, std::allocator<char> > const&, std::__cxx11::basic_string<char, std::char_traits<char>, std::allocator<char> >&, bool&)+0x9b) [0x7f3461d02a6b]
/home/nicoq/Xilinx/Vivado/2019.1/lib/lnx64.o/librdi_tcltasks.so(SimUtils::detail::execSimStep(Tcl_Interp*, std::__cxx11::basic_ostringstream<char, std::char_traits<char>, std::allocator<char> >&, HAPUFSimulator*, HAPUFSimulator::TclProc, std::__cxx11::basic_string<char, std::char_traits<char>, std::allocator<char> > const&, bool, HADAFileSet*, std::__cxx11::basic_string<char, std::char_traits<char>, std::allocator<char> > const&, HAPUFSimulator::SimulationStep, HDGUIStatus*)+0x63) [0x7f3461d05903]
/home/nicoq/Xilinx/Vivado/2019.1/lib/lnx64.o/librdi_tcltasks.so(HTCSimUtils::executeStep(Tcl_Interp*, HADAFileSet*, HADAFileSet*, HAPUFSimulator*, HDGUIStatus*, std::__cxx11::basic_string<char, std::char_traits<char>, std::allocator<char> > const&, std::__cxx11::basic_string<char, std::char_traits<char>, std::allocator<char> > const&, std::__cxx11::basic_string<char, std::char_traits<char>, std::allocator<char> > const&, bool, bool, bool, std::__cxx11::basic_ostringstream<char, std::char_traits<char>, std::allocator<char> >&)+0x4bb) [0x7f3461d068eb]
/home/nicoq/Xilinx/Vivado/2019.1/lib/lnx64.o/librdi_tcltasks.so(+0x1694ba2) [0x7f3461cb1ba2]
/home/nicoq/Xilinx/Vivado/2019.1/lib/lnx64.o/librdi_common.so(+0x8068e2) [0x7f347080e8e2]
/home/nicoq/Xilinx/Vivado/2019.1/lib/lnx64.o/libtcl8.5.so(+0x334af) [0x7f346ab0c4af]
/home/nicoq/Xilinx/Vivado/2019.1/lib/lnx64.o/libtcl8.5.so(+0x76875) [0x7f346ab4f875]
/home/nicoq/Xilinx/Vivado/2019.1/lib/lnx64.o/libtcl8.5.so(+0x7e029) [0x7f346ab57029]
/home/nicoq/Xilinx/Vivado/2019.1/lib/lnx64.o/libtcl8.5.so(TclEvalObjEx+0x76) [0x7f346ab0e156]
/home/nicoq/Xilinx/Vivado/2019.1/lib/lnx64.o/librdi_common.so(+0x804df1) [0x7f347080cdf1]
/home/nicoq/Xilinx/Vivado/2019.1/lib/lnx64.o/libtcl8.5.so(Tcl_ServiceEvent+0x7f) [0x7f346ab80b0f]
/home/nicoq/Xilinx/Vivado/2019.1/lib/lnx64.o/libtcl8.5.so(Tcl_DoOneEvent+0x154) [0x7f346ab80e44]
/home/nicoq/Xilinx/Vivado/2019.1/lib/lnx64.o/librdi_commontasks.so(+0x231625) [0x7f3464b45625]
/home/nicoq/Xilinx/Vivado/2019.1/lib/lnx64.o/librdi_commontasks.so(+0x23b163) [0x7f3464b4f163]
/home/nicoq/Xilinx/Vivado/2019.1/lib/lnx64.o/librdi_commontasks.so(+0x23c1fe) [0x7f3464b501fe]
/home/nicoq/Xilinx/Vivado/2019.1/lib/lnx64.o/librdi_common.so(+0x8068e2) [0x7f347080e8e2]
/home/nicoq/Xilinx/Vivado/2019.1/lib/lnx64.o/libtcl8.5.so(+0x334af) [0x7f346ab0c4af]
/home/nicoq/Xilinx/Vivado/2019.1/lib/lnx64.o/libtcl8.5.so(+0x76875) [0x7f346ab4f875]
/home/nicoq/Xilinx/Vivado/2019.1/lib/lnx64.o/libtcl8.5.so(+0x7e029) [0x7f346ab57029]
/home/nicoq/Xilinx/Vivado/2019.1/lib/lnx64.o/libtcl8.5.so(TclEvalObjEx+0x76) [0x7f346ab0e156]
/home/nicoq/Xilinx/Vivado/2019.1/lib/lnx64.o/librdi_commonmain.so(+0x7424) [0x7f346fe04424]
/home/nicoq/Xilinx/Vivado/2019.1/lib/lnx64.o/libtcl8.5.so(Tcl_Main+0x1d0) [0x7f346ab79210]
/home/nicoq/Xilinx/Vivado/2019.1/lib/lnx64.o/librdi_common.so(+0x84ac9b) [0x7f3470852c9b]
/lib/x86_64-linux-gnu/libpthread.so.0(+0x76db) [0x7f346f25e6db]
/lib/x86_64-linux-gnu/libc.so.6(clone+0x3f) [0x7f346f59788f]
