Vivado Simulator 2019.1
Time resolution is 1 ps
Hola         0
pc:          1
Hola 599654388
pc:          2
Hola2948530176
pc:          3
Hola2947612676
pc:          4
Hola2946760712
pc:          5
Hola 680001537
pc:          6
Hola 285212681
pc:          7
Hola 545390592
pc:          8
Hola 134217742
pc:          X
Hola 545587199
pc:          x
Hola         x
pc:         22
pc:          8
pc:          x
Hola 545587199
Hola         x
pc:          8
pc:          x
Hola 545587199
Hola         x
pc:          8
pc:          x
Hola 545587199
Hola         x
pc:          8
pc:          x
Hola 545587199
Hola         x
pc:          8
pc:          x
Hola 545587199
Hola         x
pc:          8
pc:          x
Hola 545587199
Hola         x
pc:          8
pc:          x
Hola 545587199
Hola         x
pc:          8
pc:          x
Hola 545587199
Hola         x
pc:          8
pc:          x
Hola 545587199
