Copyright 1986-2019 Xilinx, Inc. All Rights Reserved.
------------------------------------------------------------------------------------
| Tool Version : Vivado v.2019.1 (lin64) Build 2552052 Fri May 24 14:47:09 MDT 2019
| Date         : Tue Sep 24 15:41:44 2019
| Host         : quinteros running 64-bit Linux Mint 19 Tara
| Command      : report_control_sets -verbose -file uart_control_sets_placed.rpt
| Design       : uart
| Device       : xc7a35t
------------------------------------------------------------------------------------

Control Set Information

Table of Contents
-----------------
1. Summary
2. Histogram
3. Flip-Flop Distribution
4. Detailed Control Set Information

1. Summary
----------

+----------------------------------------------------------+-------+
|                          Status                          | Count |
+----------------------------------------------------------+-------+
| Total control sets                                       |     7 |
|    Minimum number of control sets                        |     7 |
|    Addition due to synthesis replication                 |     0 |
|    Addition due to physical synthesis replication        |     0 |
| Unused register locations in slices containing registers |     9 |
+----------------------------------------------------------+-------+
* Control sets can be merged at opt_design using control_set_merge or merge_equivalent_drivers
** Run report_qor_suggestions for automated merging and remapping suggestions


2. Histogram
------------

+--------------------+-------+
|       Fanout       | Count |
+--------------------+-------+
| Total control sets |     7 |
| >= 0 to < 4        |     0 |
| >= 4 to < 6        |     2 |
| >= 6 to < 8        |     0 |
| >= 8 to < 10       |     2 |
| >= 10 to < 12      |     0 |
| >= 12 to < 14      |     0 |
| >= 14 to < 16      |     0 |
| >= 16              |     3 |
+--------------------+-------+
* Control sets can be remapped at either synth_design or opt_design


3. Flip-Flop Distribution
-------------------------

+--------------+-----------------------+------------------------+-----------------+--------------+
| Clock Enable | Synchronous Set/Reset | Asynchronous Set/Reset | Total Registers | Total Slices |
+--------------+-----------------------+------------------------+-----------------+--------------+
| No           | No                    | No                     |               0 |            0 |
| No           | No                    | Yes                    |              31 |           11 |
| No           | Yes                   | No                     |               0 |            0 |
| Yes          | No                    | No                     |               0 |            0 |
| Yes          | No                    | Yes                    |              24 |            8 |
| Yes          | Yes                   | No                     |               0 |            0 |
+--------------+-----------------------+------------------------+-----------------+--------------+


4. Detailed Control Set Information
-----------------------------------

+----------------+-----------------------+------------------+------------------+----------------+
|  Clock Signal  |     Enable Signal     | Set/Reset Signal | Slice Load Count | Bel Load Count |
+----------------+-----------------------+------------------+------------------+----------------+
|  clk_IBUF_BUFG | uart_rx_unit/s_next   | reset_IBUF       |                2 |              4 |
|  clk_IBUF_BUFG | uart_tx_unit/s_next   | reset_IBUF       |                1 |              4 |
|  clk_IBUF_BUFG | uart_rx_unit/b_next   | reset_IBUF       |                2 |              8 |
|  clk_IBUF_BUFG | uart_tx_unit/b_next_0 | reset_IBUF       |                3 |              8 |
|  clk_IBUF_BUFG | baud_gen_unit/wr_en   |                  |                2 |             16 |
|  clk_IBUF_BUFG | fifo_tx_unit/wr_en    |                  |                2 |             16 |
|  clk_IBUF_BUFG |                       | reset_IBUF       |               11 |             31 |
+----------------+-----------------------+------------------+------------------+----------------+


